\BOOKMARK [0][-]{chapter.1}{Introduction}{}% 1
\BOOKMARK [0][-]{chapter.2}{State\040of\040art}{}% 2
\BOOKMARK [0][-]{chapter.3}{File\040systems\040and\040used\040tools}{}% 3
\BOOKMARK [1][-]{section.3.1}{\040File\040systems}{chapter.3}% 4
\BOOKMARK [1][-]{section.3.2}{\040XFS}{chapter.3}% 5
\BOOKMARK [1][-]{section.3.3}{\040EXT4}{chapter.3}% 6
\BOOKMARK [1][-]{section.3.4}{\040FIO}{chapter.3}% 7
\BOOKMARK [1][-]{section.3.5}{\040Fs-drift}{chapter.3}% 8
\BOOKMARK [1][-]{section.3.6}{\040Storage\040generator}{chapter.3}% 9
\BOOKMARK [1][-]{section.3.7}{\040File\040system\040images}{chapter.3}% 10
\BOOKMARK [0][-]{chapter.4}{Storage\040media}{}% 11
\BOOKMARK [1][-]{section.4.1}{\040HDD\040and\040SSD}{chapter.4}% 12
\BOOKMARK [1][-]{section.4.2}{\040SATA}{chapter.4}% 13
\BOOKMARK [1][-]{section.4.3}{\040SAS}{chapter.4}% 14
\BOOKMARK [1][-]{section.4.4}{\040HDD}{chapter.4}% 15
\BOOKMARK [1][-]{section.4.5}{\040SDD}{chapter.4}% 16
\BOOKMARK [0][-]{chapter.5}{Workflow}{}% 17
\BOOKMARK [1][-]{section.5.1}{\040Workflow\040of\040image\040creating}{chapter.5}% 18
\BOOKMARK [1][-]{section.5.2}{\040Fs-drift\040settings}{chapter.5}% 19
\BOOKMARK [1][-]{section.5.3}{\040Workflow\040of\040performance\040testing}{chapter.5}% 20
\BOOKMARK [1][-]{section.5.4}{\040FIO\040settings}{chapter.5}% 21
\BOOKMARK [0][-]{chapter.6}{Testing\040environment}{}% 22
\BOOKMARK [0][-]{chapter.7}{Results}{}% 23
\BOOKMARK [1][-]{section.7.1}{\040Performance\040of\040aged\040file\040system}{chapter.7}% 24
\BOOKMARK [1][-]{section.7.2}{\040Differences\040betweem\040XFS\040and\040EXT4}{chapter.7}% 25
\BOOKMARK [1][-]{section.7.3}{\040Differences\040accross\040different\040storage}{chapter.7}% 26
\BOOKMARK [0][-]{chapter.8}{Conclusion}{}% 27
